<?xml version="1.0" encoding="UTF-8"?>
<testsuite xmlns:xsi="http://www.w3.org/2001/XMLSchema-instance" xsi:noNamespaceSchemaLocation="https://maven.apache.org/surefire/maven-surefire-plugin/xsd/surefire-test-report.xsd" version="3.0.2" name="com.smartteamworkspace.main.SmartTeamWorkspaceApplicationTests" time="11.506" tests="1" errors="0" skipped="0" failures="0">
  <properties>
[...]
</properties>
  <testcase name="contextLoads" classname="com.smartteamworkspace.main.SmartTeamWorkspaceApplicationTests" time="0.945">
    <system-out><![CDATA[11:29:11.986 [main] INFO org.springframework.test.context.support.AnnotationConfigContextLoaderUtils -- Could not detect default configuration classes for test class [com.smartteamworkspace.main.SmartTeamWorkspaceApplicationTests]: SmartTeamWorkspaceApplicationTests does not declare any static, non-private, non-final, nested classes annotated with @Configuration.
11:29:12.208 [main] INFO org.springframework.boot.test.context.SpringBootTestContextBootstrapper -- Found @SpringBootConfiguration com.smartteamworkspace.main.SmartTeamWorkspaceApplication for test class com.smartteamworkspace.main.SmartTeamWorkspaceApplicationTests
11:29:12.567 [main] INFO org.springframework.boot.devtools.restart.RestartApplicationListener -- Restart disabled due to context in which it is running

  .   ____          _            __ _ _
 /\\ / ___'_ __ _ _(_)_ __  __ _ \ \ \ \
( ( )\___ | '_ | '_| | '_ \/ _` | \ \ \ \
 \\/  ___)| |_)| | | | | || (_| |  ) ) ) )
  '  |____| .__|_| |_|_| |_\__, | / / / /
 =========|_|==============|___/=/_/_/_/

 :: Spring Boot ::                (v4.0.3)

2026-03-05T11:29:13.121+05:30  INFO 24000 --- [SmartTeamWorkspace] [           main] c.s.m.SmartTeamWorkspaceApplicationTests : Starting SmartTeamWorkspaceApplicationTests using Java 21.0.7 with PID 24000 (started by Asus in C:\Users\Asus\Documents\Project\SmartTeamWorkspace)
2026-03-05T11:29:13.124+05:30  INFO 24000 --- [SmartTeamWorkspace] [           main] c.s.m.SmartTeamWorkspaceApplicationTests : No active profile set, falling back to 1 default profile: "default"
2026-03-05T11:29:14.451+05:30  INFO 24000 --- [SmartTeamWorkspace] [           main] .s.d.r.c.RepositoryConfigurationDelegate : Multiple Spring Data modules found, entering strict repository configuration mode
2026-03-05T11:29:14.454+05:30  INFO 24000 --- [SmartTeamWorkspace] [           main] .s.d.r.c.RepositoryConfigurationDelegate : Bootstrapping Spring Data JDBC repositories in DEFAULT mode.
2026-03-05T11:29:14.528+05:30  INFO 24000 --- [SmartTeamWorkspace] [           main] .RepositoryConfigurationExtensionSupport : Spring Data JDBC - Could not safely identify store assignment for repository candidate interface com.smartteamworkspace.main.repository.AppUserRepo; If you want this repository to be a JDBC repository, consider annotating your entities with one of these annotations: org.springframework.data.relational.core.mapping.Table.
2026-03-05T11:29:14.532+05:30  INFO 24000 --- [SmartTeamWorkspace] [           main] .RepositoryConfigurationExtensionSupport : Spring Data JDBC - Could not safely identify store assignment for repository candidate interface com.smartteamworkspace.main.repository.CommentRepo; If you want this repository to be a JDBC repository, consider annotating your entities with one of these annotations: org.springframework.data.relational.core.mapping.Table.
2026-03-05T11:29:14.534+05:30  INFO 24000 --- [SmartTeamWorkspace] [           main] .RepositoryConfigurationExtensionSupport : Spring Data JDBC - Could not safely identify store assignment for repository candidate interface com.smartteamworkspace.main.repository.ProjectMemberRepo; If you want this repository to be a JDBC repository, consider annotating your entities with one of these annotations: org.springframework.data.relational.core.mapping.Table.
2026-03-05T11:29:14.537+05:30  INFO 24000 --- [SmartTeamWorkspace] [           main] .RepositoryConfigurationExtensionSupport : Spring Data JDBC - Could not safely identify store assignment for repository candidate interface com.smartteamworkspace.main.repository.ProjectRepo; If you want this repository to be a JDBC repository, consider annotating your entities with one of these annotations: org.springframework.data.relational.core.mapping.Table.
2026-03-05T11:29:14.540+05:30  INFO 24000 --- [SmartTeamWorkspace] [           main] .RepositoryConfigurationExtensionSupport : Spring Data JDBC - Could not safely identify store assignment for repository candidate interface com.smartteamworkspace.main.repository.TaskAttachmentRepo; If you want this repository to be a JDBC repository, consider annotating your entities with one of these annotations: org.springframework.data.relational.core.mapping.Table.
2026-03-05T11:29:14.542+05:30  INFO 24000 --- [SmartTeamWorkspace] [           main] .RepositoryConfigurationExtensionSupport : Spring Data JDBC - Could not safely identify store assignment for repository candidate interface com.smartteamworkspace.main.repository.TaskRepo; If you want this repository to be a JDBC repository, consider annotating your entities with one of these annotations: org.springframework.data.relational.core.mapping.Table.
2026-03-05T11:29:14.544+05:30  INFO 24000 --- [SmartTeamWorkspace] [           main] .RepositoryConfigurationExtensionSupport : Spring Data JDBC - Could not safely identify store assignment for repository candidate interface com.smartteamworkspace.main.repository.TeamMemberRepo; If you want this repository to be a JDBC repository, consider annotating your entities with one of these annotations: org.springframework.data.relational.core.mapping.Table.
2026-03-05T11:29:14.547+05:30  INFO 24000 --- [SmartTeamWorkspace] [           main] .RepositoryConfigurationExtensionSupport : Spring Data JDBC - Could not safely identify store assignment for repository candidate interface com.smartteamworkspace.main.repository.TeamRepo; If you want this repository to be a JDBC repository, consider annotating your entities with one of these annotations: org.springframework.data.relational.core.mapping.Table.
2026-03-05T11:29:14.549+05:30  INFO 24000 --- [SmartTeamWorkspace] [           main] .s.d.r.c.RepositoryConfigurationDelegate : Finished Spring Data repository scanning in 77 ms. Found 0 JDBC repository interfaces.
2026-03-05T11:29:14.574+05:30  INFO 24000 --- [SmartTeamWorkspace] [           main] .s.d.r.c.RepositoryConfigurationDelegate : Multiple Spring Data modules found, entering strict repository configuration mode
2026-03-05T11:29:14.575+05:30  INFO 24000 --- [SmartTeamWorkspace] [           main] .s.d.r.c.RepositoryConfigurationDelegate : Bootstrapping Spring Data JPA repositories in DEFAULT mode.
2026-03-05T11:29:14.648+05:30  INFO 24000 --- [SmartTeamWorkspace] [           main] .s.d.r.c.RepositoryConfigurationDelegate : Finished Spring Data repository scanning in 62 ms. Found 8 JPA repository interfaces.
2026-03-05T11:29:15.524+05:30  INFO 24000 --- [SmartTeamWorkspace] [           main] org.hibernate.orm.jpa                    : HHH008540: Processing PersistenceUnitInfo [name: default]
2026-03-05T11:29:15.654+05:30  INFO 24000 --- [SmartTeamWorkspace] [           main] org.hibernate.orm.core                   : HHH000001: Hibernate ORM core version 7.2.4.Final
2026-03-05T11:29:16.930+05:30  INFO 24000 --- [SmartTeamWorkspace] [           main] o.s.o.j.p.SpringPersistenceUnitInfo      : No LoadTimeWeaver setup: ignoring JPA class transformer
2026-03-05T11:29:17.004+05:30  INFO 24000 --- [SmartTeamWorkspace] [           main] com.zaxxer.hikari.HikariDataSource       : HikariPool-1 - Starting...
2026-03-05T11:29:17.559+05:30  INFO 24000 --- [SmartTeamWorkspace] [           main] com.zaxxer.hikari.pool.HikariPool        : HikariPool-1 - Added connection org.postgresql.jdbc.PgConnection@4e3ee457
2026-03-05T11:29:17.561+05:30  INFO 24000 --- [SmartTeamWorkspace] [           main] com.zaxxer.hikari.HikariDataSource       : HikariPool-1 - Start completed.
2026-03-05T11:29:17.635+05:30  WARN 24000 --- [SmartTeamWorkspace] [           main] org.hibernate.orm.deprecation            : HHH90000025: PostgreSQLDialect does not need to be specified explicitly using 'hibernate.dialect' (remove the property setting and it will be selected by default)
2026-03-05T11:29:17.701+05:30  INFO 24000 --- [SmartTeamWorkspace] [           main] org.hibernate.orm.connections.pooling    : HHH10001005: Database info:
	Database JDBC URL [jdbc:postgresql://localhost:5432/WorkNest]
	Database driver: PostgreSQL JDBC Driver
	Database dialect: PostgreSQLDialect
	Database version: 18.1
	Default catalog/schema: WorkNest/public
	Autocommit mode: undefined/unknown
	Isolation level: READ_COMMITTED [default READ_COMMITTED]
	JDBC fetch size: none
	Pool: DataSourceConnectionProvider
	Minimum pool size: undefined/unknown
	Maximum pool size: undefined/unknown
2026-03-05T11:29:20.011+05:30  INFO 24000 --- [SmartTeamWorkspace] [           main] org.hibernate.orm.core                   : HHH000489: No JTA platform available (set 'hibernate.transaction.jta.platform' to enable JTA platform integration)
Hibernate: 
    create table app_user (
        user_id bigint not null,
        account_status varchar(255) not null check ((account_status in ('ACTIVE','DISABLED','SUSPENDED'))),
        created_at timestamp(6) not null,
        email varchar(255) not null,
        password varchar(255) not null,
        role varchar(255) not null check ((role in ('ADMIN','MEMBER','VIEWER'))),
        user_name varchar(255) not null,
        primary key (user_id)
    )
Hibernate: 
    create table comment (
        id bigint not null,
        content varchar(255) not null,
        created_at timestamp(6),
        author_user_id bigint not null,
        task_id bigint not null,
        primary key (id)
    )
Hibernate: 
    create table project (
        id bigint not null,
        created_at timestamp(6),
        deadline date,
        name varchar(255) not null,
        start_day date,
        status varchar(255) check ((status in ('ACTIVE','CANCELLED','COMPLETED'))),
        visibility varchar(255) check ((visibility in ('PUBLIC','TEAM_ONLY','PRIVATE'))),
        team_id bigint not null,
        primary key (id)
    )
Hibernate: 
    create table project_member (
        id bigint not null,
        joined_at timestamp(6),
        role varchar(255) not null check ((role in ('PROJECT_MANAGER','CONTRIBUTOR'))),
        project_id bigint not null,
        user_user_id bigint not null,
        primary key (id)
    )
Hibernate: 
    create table task (
        id bigint not null,
        created_at timestamp(6),
        description varchar(2000),
        due_date date,
        priority varchar(255) check ((priority in ('LOW','MEDIUM','HIGH'))),
        status varchar(255) check ((status in ('TODO','IN_PROGRESS','COMPLETED','DELAYED'))),
        title varchar(255) not null,
        assignee_user_id bigint not null,
        project_id bigint not null,
        primary key (id)
    )
Hibernate: 
    create table task_attachment (
        id bigint not null,
        file_name varchar(255) not null,
        file_type varchar(255) not null,
        file_url varchar(255) not null,
        uploaded_at timestamp(6),
        task_id bigint not null,
        primary key (id)
    )
Hibernate: 
    create table team (
        id bigint not null,
        created_at timestamp(6),
        name varchar(255) not null,
        primary key (id)
    )
Hibernate: 
    create table team_member (
        id bigint not null,
        designation varchar(255) not null,
        joined_at timestamp(6),
        role varchar(255) not null check ((role in ('TEAM_OWNER','TEAM_LEADER','TEAM_MEMBER'))),
        team_id bigint not null,
        user_user_id bigint not null,
        primary key (id)
    )
Hibernate: 
    alter table if exists app_user 
       drop constraint if exists UK1j9d9a06i600gd43uu3km82jw
2026-03-05T11:29:20.179+05:30  WARN 24000 --- [SmartTeamWorkspace] [           main] org.hibernate.orm.jdbc.warn              : HHH000247: ErrorCode: 0, SQLState: 00000
2026-03-05T11:29:20.180+05:30  WARN 24000 --- [SmartTeamWorkspace] [           main] org.hibernate.orm.jdbc.warn              : constraint "uk1j9d9a06i600gd43uu3km82jw" of relation "app_user" does not exist, skipping
Hibernate: 
    alter table if exists app_user 
       add constraint UK1j9d9a06i600gd43uu3km82jw unique (email)
Hibernate: 
    alter table if exists app_user 
       drop constraint if exists UKcpt2jpnop7mcpds1sv2i5629w
2026-03-05T11:29:20.186+05:30  WARN 24000 --- [SmartTeamWorkspace] [           main] org.hibernate.orm.jdbc.warn              : HHH000247: ErrorCode: 0, SQLState: 00000
2026-03-05T11:29:20.186+05:30  WARN 24000 --- [SmartTeamWorkspace] [           main] org.hibernate.orm.jdbc.warn              : constraint "ukcpt2jpnop7mcpds1sv2i5629w" of relation "app_user" does not exist, skipping
Hibernate: 
    alter table if exists app_user 
       add constraint UKcpt2jpnop7mcpds1sv2i5629w unique (user_name)
Hibernate: 
    create sequence app_user_seq start with 1 increment by 50
Hibernate: 
    create sequence comment_seq start with 1 increment by 50
Hibernate: 
    create sequence project_member_seq start with 1 increment by 50
Hibernate: 
    create sequence project_seq start with 1 increment by 50
Hibernate: 
    create sequence task_attachment_seq start with 1 increment by 50
Hibernate: 
    create sequence task_seq start with 1 increment by 50
Hibernate: 
    create sequence team_member_seq start with 1 increment by 50
Hibernate: 
    create sequence team_seq start with 1 increment by 50
Hibernate: 
    alter table if exists comment 
       add constraint FK5nhut6drr24uigfslw4uc4e79 
       foreign key (author_user_id) 
       references app_user
Hibernate: 
    alter table if exists comment 
       add constraint FKfknte4fhjhet3l1802m1yqa50 
       foreign key (task_id) 
       references task
Hibernate: 
    alter table if exists project 
       add constraint FK99hcloicqmg95ty11qht49n8x 
       foreign key (team_id) 
       references team
Hibernate: 
    alter table if exists project_member 
       add constraint FK103dwxad12nbaxtmnwus4eft2 
       foreign key (project_id) 
       references project
Hibernate: 
    alter table if exists project_member 
       add constraint FK1wnwxolu0hxlcb7bx7u0gwrl2 
       foreign key (user_user_id) 
       references app_user
Hibernate: 
    alter table if exists task 
       add constraint FK4vwrgn11rw7n2t39yqu9ey8is 
       foreign key (assignee_user_id) 
       references app_user
Hibernate: 
    alter table if exists task 
       add constraint FKk8qrwowg31kx7hp93sru1pdqa 
       foreign key (project_id) 
       references project
Hibernate: 
    alter table if exists task_attachment 
       add constraint FKkhw6fprv9kv6uio43mem40px6 
       foreign key (task_id) 
       references task
Hibernate: 
    alter table if exists team_member 
       add constraint FK9ubp79ei4tv4crd0r9n7u5i6e 
       foreign key (team_id) 
       references team
Hibernate: 
    alter table if exists team_member 
       add constraint FKr3ukv1mkmpcg7k4332u6qcbb5 
       foreign key (user_user_id) 
       references app_user
2026-03-05T11:29:20.254+05:30  INFO 24000 --- [SmartTeamWorkspace] [           main] j.LocalContainerEntityManagerFactoryBean : Initialized JPA EntityManagerFactory for persistence unit 'default'
2026-03-05T11:29:20.424+05:30  WARN 24000 --- [SmartTeamWorkspace] [           main] JpaBaseConfiguration$JpaWebConfiguration : spring.jpa.open-in-view is enabled by default. Therefore, database queries may be performed during view rendering. Explicitly configure spring.jpa.open-in-view to disable this warning
2026-03-05T11:29:21.453+05:30  INFO 24000 --- [SmartTeamWorkspace] [           main] o.s.d.j.r.query.QueryEnhancerFactories   : Hibernate is in classpath; If applicable, HQL parser will be used.
2026-03-05T11:29:22.056+05:30  INFO 24000 --- [SmartTeamWorkspace] [           main] c.s.m.SmartTeamWorkspaceApplicationTests : Started SmartTeamWorkspaceApplicationTests in 9.513 seconds (process running for 12.023)
]]></system-out>
    <system-err><![CDATA[Mockito is currently self-attaching to enable the inline-mock-maker. This will no longer work in future releases of the JDK. Please add Mockito as an agent to your build as described in Mockito's documentation: https://javadoc.io/doc/org.mockito/mockito-core/latest/org.mockito/org/mockito/Mockito.html#0.3
WARNING: A Java agent has been loaded dynamically (C:\Users\Asus\.m2\repository\net\bytebuddy\byte-buddy-agent\1.17.8\byte-buddy-agent-1.17.8.jar)
WARNING: If a serviceability tool is in use, please run with -XX:+EnableDynamicAgentLoading to hide this warning
WARNING: If a serviceability tool is not in use, please run with -Djdk.instrument.traceUsage for more information
WARNING: Dynamic loading of agents will be disallowed by default in a future release
]]></system-err>
  </testcase>
</testsuite>